<?xml version="1.0" encoding="UTF-8"?>
<!-- Generated by org.testng.reporters.JUnitReportReporter -->
<testsuite skipped="0" hostname="DESKTOP-IB5SOQ8" name="endTests.SampleTest" tests="1" failures="0" timestamp="18 Jan 2020 10:44:04 GMT" time="22.349" errors="0">
  <testcase name="validationTest" time="22.349" classname="endTests.SampleTest"/>
</testsuite> <!-- endTests.SampleTest -->
